<?xml version="1.0" encoding="UTF-8"?>
<coverage generated="1657282064294" clover="3.2.0">
  <project timestamp="1657282064294" name="All files">
    <metrics statements="10" coveredstatements="10" conditionals="4" coveredconditionals="4" methods="5" coveredmethods="5" elements="19" coveredelements="19" complexity="0" loc="10" ncloc="10" packages="2" files="2" classes="2"/>
    <package name="src">
      <metrics statements="7" coveredstatements="7" conditionals="4" coveredconditionals="4" methods="4" coveredmethods="4"/>
      <file name="AppointmentsDayView.js" path="/home/davisilva/Development/appointments/src/AppointmentsDayView.js">
        <metrics statements="7" coveredstatements="7" conditionals="4" coveredconditionals="4" methods="4" coveredmethods="4"/>
        <line num="4" count="1" type="stmt"/>
        <line num="11" count="23" type="stmt"/>
        <line num="44" count="1" type="stmt"/>
        <line num="45" count="11" type="stmt"/>
        <line num="49" count="11" type="stmt"/>
        <line num="53" count="18" type="stmt"/>
        <line num="59" count="2" type="stmt"/>
      </file>
    </package>
    <package name="src.utils">
      <metrics statements="3" coveredstatements="3" conditionals="0" coveredconditionals="0" methods="1" coveredmethods="1"/>
      <file name="utils.js" path="/home/davisilva/Development/appointments/src/utils/utils.js">
        <metrics statements="3" coveredstatements="3" conditionals="0" coveredconditionals="0" methods="1" coveredmethods="1"/>
        <line num="1" count="1" type="stmt"/>
        <line num="2" count="41" type="stmt"/>
        <line num="3" count="41" type="stmt"/>
      </file>
    </package>
  </project>
</coverage>
