{"/home/davisilva/Development/appointments/src/AppointmentsDayView.js": {"path":"/home/davisilva/Development/appointments/src/AppointmentsDayView.js","statementMap":{"0":{"start":{"line":4,"column":27},"end":{"line":42,"column":1}},"1":{"start":{"line":11,"column":2},"end":{"line":41,"column":8}},"2":{"start":{"line":44,"column":35},"end":{"line":72,"column":1}},"3":{"start":{"line":45,"column":56},"end":{"line":47,"column":3}},"4":{"start":{"line":49,"column":2},"end":{"line":71,"column":4}},"5":{"start":{"line":53,"column":10},"end":{"line":62,"column":15}},"6":{"start":{"line":59,"column":29},"end":{"line":59,"column":54}}},"fnMap":{"0":{"name":"(anonymous_0)","decl":{"start":{"line":4,"column":27},"end":{"line":4,"column":28}},"loc":{"start":{"line":11,"column":2},"end":{"line":41,"column":8}},"line":11},"1":{"name":"(anonymous_1)","decl":{"start":{"line":44,"column":35},"end":{"line":44,"column":36}},"loc":{"start":{"line":44,"column":57},"end":{"line":72,"column":1}},"line":44},"2":{"name":"(anonymous_2)","decl":{"start":{"line":52,"column":26},"end":{"line":52,"column":27}},"loc":{"start":{"line":53,"column":10},"end":{"line":62,"column":15}},"line":53},"3":{"name":"(anonymous_3)","decl":{"start":{"line":59,"column":23},"end":{"line":59,"column":24}},"loc":{"start":{"line":59,"column":29},"end":{"line":59,"column":54}},"line":59}},"branchMap":{"0":{"loc":{"start":{"line":56,"column":16},"end":{"line":56,"column":58}},"type":"cond-expr","locations":[{"start":{"line":56,"column":44},"end":{"line":56,"column":53}},{"start":{"line":56,"column":56},"end":{"line":56,"column":58}}],"line":56},"1":{"loc":{"start":{"line":65,"column":7},"end":{"line":69,"column":7}},"type":"cond-expr","locations":[{"start":{"line":66,"column":8},"end":{"line":66,"column":61}},{"start":{"line":68,"column":8},"end":{"line":68,"column":62}}],"line":65}},"s":{"0":1,"1":23,"2":1,"3":11,"4":11,"5":18,"6":2},"f":{"0":23,"1":11,"2":18,"3":2},"b":{"0":[9,9],"1":[2,9]},"_coverageSchema":"43e27e138ebf9cfc5966b082cf9a028302ed4184","hash":"9652baaae6220aebb1c1e472645185048ab0d20f"}
,"/home/davisilva/Development/appointments/src/utils/utils.js": {"path":"/home/davisilva/Development/appointments/src/utils/utils.js","statementMap":{"0":{"start":{"line":1,"column":36},"end":{"line":4,"column":1}},"1":{"start":{"line":2,"column":17},"end":{"line":2,"column":61}},"2":{"start":{"line":3,"column":2},"end":{"line":3,"column":21}}},"fnMap":{"0":{"name":"(anonymous_0)","decl":{"start":{"line":1,"column":36},"end":{"line":1,"column":37}},"loc":{"start":{"line":1,"column":50},"end":{"line":4,"column":1}},"line":1}},"branchMap":{},"s":{"0":1,"1":41,"2":41},"f":{"0":41},"b":{},"_coverageSchema":"43e27e138ebf9cfc5966b082cf9a028302ed4184","hash":"9f0c6afdfdd751fd8ebc8164dabfe0c38bd59315"}
}
