TN:
SF:/home/davisilva/Development/appointments/src/AppointmentsDayView.js
FN:4,(anonymous_0)
FN:44,(anonymous_1)
FN:52,(anonymous_2)
FN:59,(anonymous_3)
FNF:4
FNH:4
FNDA:23,(anonymous_0)
FNDA:11,(anonymous_1)
FNDA:18,(anonymous_2)
FNDA:2,(anonymous_3)
DA:4,1
DA:11,23
DA:44,1
DA:45,11
DA:49,11
DA:53,18
DA:59,2
LF:7
LH:7
BRDA:56,0,0,9
BRDA:56,0,1,9
BRDA:65,1,0,2
BRDA:65,1,1,9
BRF:4
BRH:4
end_of_record
TN:
SF:/home/davisilva/Development/appointments/src/utils/utils.js
FN:1,(anonymous_0)
FNF:1
FNH:1
FNDA:41,(anonymous_0)
DA:1,1
DA:2,41
DA:3,41
LF:3
LH:3
BRF:0
BRH:0
end_of_record
